2025-10-19 15:04:32,210 [INFO] django.utils.autoreload: Watching for file changes with StatReloader
2025-10-19 15:05:43,291 [INFO] django.utils.autoreload: C:\Users\Kayke Mendes\Documents\projetoa3\simulador_django\core\models.py changed, reloading.
2025-10-19 15:05:44,172 [INFO] django.utils.autoreload: Watching for file changes with StatReloader
2025-10-19 15:06:03,234 [INFO] django.server: "GET / HTTP/1.1" 200 12099
2025-10-19 15:08:09,036 [INFO] django.utils.autoreload: Watching for file changes with StatReloader
2025-10-19 15:08:17,347 [INFO] django.server: "GET / HTTP/1.1" 200 12099
2025-10-19 15:10:26,536 [INFO] django.utils.autoreload: C:\Users\Kayke Mendes\Documents\projetoa3\simulador_django\simulador\urls.py changed, reloading.
2025-10-19 15:10:27,259 [INFO] django.utils.autoreload: C:\Users\Kayke Mendes\Documents\projetoa3\simulador_django\simulador\urls.py changed, reloading.
2025-10-19 15:10:27,410 [INFO] django.utils.autoreload: Watching for file changes with StatReloader
2025-10-19 15:10:28,142 [INFO] django.utils.autoreload: Watching for file changes with StatReloader
2025-10-19 15:10:52,640 [INFO] django.utils.autoreload: C:\Users\Kayke Mendes\Documents\projetoa3\simulador_django\core\urls.py changed, reloading.
2025-10-19 15:10:52,938 [INFO] django.utils.autoreload: C:\Users\Kayke Mendes\Documents\projetoa3\simulador_django\core\urls.py changed, reloading.
2025-10-19 15:10:53,497 [INFO] django.utils.autoreload: Watching for file changes with StatReloader
2025-10-19 15:10:53,773 [INFO] django.utils.autoreload: Watching for file changes with StatReloader
2025-10-19 15:11:33,175 [INFO] django.utils.autoreload: Watching for file changes with StatReloader
2025-10-19 15:11:42,483 [INFO] django.server: "GET / HTTP/1.1" 200 876
2025-10-19 15:11:49,404 [INFO] django.server: "GET /login/ HTTP/1.1" 200 1302
2025-10-19 15:12:02,295 [WARNING] core: Tentativa de login falha: Kayke
2025-10-19 15:12:02,316 [INFO] django.server: "POST /login/ HTTP/1.1" 200 1388
2025-10-19 15:12:07,303 [ERROR] django.request: Internal Server Error: /signup/
Traceback (most recent call last):
  File "C:\Users\Kayke Mendes\Documents\projetoa3\simulador_django\venv\Lib\site-packages\django\core\handlers\exception.py", line 55, in inner
    response = get_response(request)
  File "C:\Users\Kayke Mendes\Documents\projetoa3\simulador_django\venv\Lib\site-packages\django\core\handlers\base.py", line 197, in _get_response
    response = wrapped_callback(request, *callback_args, **callback_kwargs)
  File "C:\Users\Kayke Mendes\Documents\projetoa3\simulador_django\core\views.py", line 66, in signup_view
    return render(request, 'core/signup.html', {'form': form})
  File "C:\Users\Kayke Mendes\Documents\projetoa3\simulador_django\venv\Lib\site-packages\django\shortcuts.py", line 25, in render
    content = loader.render_to_string(template_name, context, request, using=using)
  File "C:\Users\Kayke Mendes\Documents\projetoa3\simulador_django\venv\Lib\site-packages\django\template\loader.py", line 61, in render_to_string
    template = get_template(template_name, using=using)
  File "C:\Users\Kayke Mendes\Documents\projetoa3\simulador_django\venv\Lib\site-packages\django\template\loader.py", line 15, in get_template
    return engine.get_template(template_name)
           ~~~~~~~~~~~~~~~~~~~^^^^^^^^^^^^^^^
  File "C:\Users\Kayke Mendes\Documents\projetoa3\simulador_django\venv\Lib\site-packages\django\template\backends\django.py", line 79, in get_template
    return Template(self.engine.get_template(template_name), self)
                    ~~~~~~~~~~~~~~~~~~~~~~~~^^^^^^^^^^^^^^^
  File "C:\Users\Kayke Mendes\Documents\projetoa3\simulador_django\venv\Lib\site-packages\django\template\engine.py", line 177, in get_template
    template, origin = self.find_template(template_name)
                       ~~~~~~~~~~~~~~~~~~^^^^^^^^^^^^^^^
  File "C:\Users\Kayke Mendes\Documents\projetoa3\simulador_django\venv\Lib\site-packages\django\template\engine.py", line 159, in find_template
    template = loader.get_template(name, skip=skip)
  File "C:\Users\Kayke Mendes\Documents\projetoa3\simulador_django\venv\Lib\site-packages\django\template\loaders\cached.py", line 57, in get_template
    template = super().get_template(template_name, skip)
  File "C:\Users\Kayke Mendes\Documents\projetoa3\simulador_django\venv\Lib\site-packages\django\template\loaders\base.py", line 28, in get_template
    return Template(
        contents,
    ...<2 lines>...
        self.engine,
    )
  File "C:\Users\Kayke Mendes\Documents\projetoa3\simulador_django\venv\Lib\site-packages\django\template\base.py", line 154, in __init__
    self.nodelist = self.compile_nodelist()
                    ~~~~~~~~~~~~~~~~~~~~~^^
  File "C:\Users\Kayke Mendes\Documents\projetoa3\simulador_django\venv\Lib\site-packages\django\template\base.py", line 196, in compile_nodelist
    nodelist = parser.parse()
  File "C:\Users\Kayke Mendes\Documents\projetoa3\simulador_django\venv\Lib\site-packages\django\template\base.py", line 518, in parse
    raise self.error(token, e)
  File "C:\Users\Kayke Mendes\Documents\projetoa3\simulador_django\venv\Lib\site-packages\django\template\base.py", line 516, in parse
    compiled_result = compile_func(self, token)
  File "C:\Users\Kayke Mendes\Documents\projetoa3\simulador_django\venv\Lib\site-packages\django\template\loader_tags.py", line 299, in do_extends
    nodelist = parser.parse()
  File "C:\Users\Kayke Mendes\Documents\projetoa3\simulador_django\venv\Lib\site-packages\django\template\base.py", line 518, in parse
    raise self.error(token, e)
  File "C:\Users\Kayke Mendes\Documents\projetoa3\simulador_django\venv\Lib\site-packages\django\template\base.py", line 516, in parse
    compiled_result = compile_func(self, token)
  File "C:\Users\Kayke Mendes\Documents\projetoa3\simulador_django\venv\Lib\site-packages\django\template\loader_tags.py", line 234, in do_block
    nodelist = parser.parse(("endblock",))
  File "C:\Users\Kayke Mendes\Documents\projetoa3\simulador_django\venv\Lib\site-packages\django\template\base.py", line 489, in parse
    raise self.error(token, e)
  File "C:\Users\Kayke Mendes\Documents\projetoa3\simulador_django\venv\Lib\site-packages\django\template\base.py", line 487, in parse
    filter_expression = self.compile_filter(token.contents)
  File "C:\Users\Kayke Mendes\Documents\projetoa3\simulador_django\venv\Lib\site-packages\django\template\base.py", line 609, in compile_filter
    return FilterExpression(token, self)
  File "C:\Users\Kayke Mendes\Documents\projetoa3\simulador_django\venv\Lib\site-packages\django\template\base.py", line 705, in __init__
    filter_func = parser.find_filter(filter_name)
  File "C:\Users\Kayke Mendes\Documents\projetoa3\simulador_django\venv\Lib\site-packages\django\template\base.py", line 615, in find_filter
    raise TemplateSyntaxError("Invalid filter: '%s'" % filter_name)
django.template.exceptions.TemplateSyntaxError: Invalid filter: 'crispy'
2025-10-19 15:12:07,311 [ERROR] django.server: "GET /signup/ HTTP/1.1" 500 195917
2025-10-19 15:13:57,916 [INFO] django.utils.autoreload: C:\Users\Kayke Mendes\Documents\projetoa3\simulador_django\simulador\settings.py changed, reloading.
2025-10-19 15:13:58,191 [INFO] django.utils.autoreload: C:\Users\Kayke Mendes\Documents\projetoa3\simulador_django\simulador\settings.py changed, reloading.
2025-10-19 15:13:58,799 [INFO] django.utils.autoreload: Watching for file changes with StatReloader
2025-10-19 15:13:58,830 [INFO] django.utils.autoreload: C:\Users\Kayke Mendes\Documents\projetoa3\simulador_django\simulador\settings.py changed, reloading.
2025-10-19 15:13:59,033 [INFO] django.utils.autoreload: Watching for file changes with StatReloader
2025-10-19 15:13:59,668 [INFO] django.utils.autoreload: Watching for file changes with StatReloader
2025-10-19 15:14:19,793 [INFO] django.utils.autoreload: C:\Users\Kayke Mendes\Documents\projetoa3\simulador_django\simulador\settings.py changed, reloading.
2025-10-19 15:14:20,438 [INFO] django.utils.autoreload: C:\Users\Kayke Mendes\Documents\projetoa3\simulador_django\simulador\settings.py changed, reloading.
2025-10-19 15:14:20,561 [INFO] django.utils.autoreload: C:\Users\Kayke Mendes\Documents\projetoa3\simulador_django\simulador\settings.py changed, reloading.
2025-10-19 15:14:20,680 [INFO] django.utils.autoreload: Watching for file changes with StatReloader
2025-10-19 15:14:21,272 [INFO] django.utils.autoreload: Watching for file changes with StatReloader
2025-10-19 15:14:21,400 [INFO] django.utils.autoreload: Watching for file changes with StatReloader
2025-10-19 15:14:30,014 [INFO] django.utils.autoreload: Watching for file changes with StatReloader
2025-10-19 15:14:36,818 [INFO] django.server: "GET / HTTP/1.1" 200 876
2025-10-19 15:14:38,625 [ERROR] django.request: Internal Server Error: /signup/
Traceback (most recent call last):
  File "C:\Users\Kayke Mendes\Documents\projetoa3\simulador_django\venv\Lib\site-packages\django\core\handlers\exception.py", line 55, in inner
    response = get_response(request)
  File "C:\Users\Kayke Mendes\Documents\projetoa3\simulador_django\venv\Lib\site-packages\django\core\handlers\base.py", line 197, in _get_response
    response = wrapped_callback(request, *callback_args, **callback_kwargs)
  File "C:\Users\Kayke Mendes\Documents\projetoa3\simulador_django\core\views.py", line 66, in signup_view
    return render(request, 'core/signup.html', {'form': form})
  File "C:\Users\Kayke Mendes\Documents\projetoa3\simulador_django\venv\Lib\site-packages\django\shortcuts.py", line 25, in render
    content = loader.render_to_string(template_name, context, request, using=using)
  File "C:\Users\Kayke Mendes\Documents\projetoa3\simulador_django\venv\Lib\site-packages\django\template\loader.py", line 61, in render_to_string
    template = get_template(template_name, using=using)
  File "C:\Users\Kayke Mendes\Documents\projetoa3\simulador_django\venv\Lib\site-packages\django\template\loader.py", line 15, in get_template
    return engine.get_template(template_name)
           ~~~~~~~~~~~~~~~~~~~^^^^^^^^^^^^^^^
  File "C:\Users\Kayke Mendes\Documents\projetoa3\simulador_django\venv\Lib\site-packages\django\template\backends\django.py", line 79, in get_template
    return Template(self.engine.get_template(template_name), self)
                    ~~~~~~~~~~~~~~~~~~~~~~~~^^^^^^^^^^^^^^^
  File "C:\Users\Kayke Mendes\Documents\projetoa3\simulador_django\venv\Lib\site-packages\django\template\engine.py", line 177, in get_template
    template, origin = self.find_template(template_name)
                       ~~~~~~~~~~~~~~~~~~^^^^^^^^^^^^^^^
  File "C:\Users\Kayke Mendes\Documents\projetoa3\simulador_django\venv\Lib\site-packages\django\template\engine.py", line 159, in find_template
    template = loader.get_template(name, skip=skip)
  File "C:\Users\Kayke Mendes\Documents\projetoa3\simulador_django\venv\Lib\site-packages\django\template\loaders\cached.py", line 57, in get_template
    template = super().get_template(template_name, skip)
  File "C:\Users\Kayke Mendes\Documents\projetoa3\simulador_django\venv\Lib\site-packages\django\template\loaders\base.py", line 28, in get_template
    return Template(
        contents,
    ...<2 lines>...
        self.engine,
    )
  File "C:\Users\Kayke Mendes\Documents\projetoa3\simulador_django\venv\Lib\site-packages\django\template\base.py", line 154, in __init__
    self.nodelist = self.compile_nodelist()
                    ~~~~~~~~~~~~~~~~~~~~~^^
  File "C:\Users\Kayke Mendes\Documents\projetoa3\simulador_django\venv\Lib\site-packages\django\template\base.py", line 196, in compile_nodelist
    nodelist = parser.parse()
  File "C:\Users\Kayke Mendes\Documents\projetoa3\simulador_django\venv\Lib\site-packages\django\template\base.py", line 518, in parse
    raise self.error(token, e)
  File "C:\Users\Kayke Mendes\Documents\projetoa3\simulador_django\venv\Lib\site-packages\django\template\base.py", line 516, in parse
    compiled_result = compile_func(self, token)
  File "C:\Users\Kayke Mendes\Documents\projetoa3\simulador_django\venv\Lib\site-packages\django\template\loader_tags.py", line 299, in do_extends
    nodelist = parser.parse()
  File "C:\Users\Kayke Mendes\Documents\projetoa3\simulador_django\venv\Lib\site-packages\django\template\base.py", line 518, in parse
    raise self.error(token, e)
  File "C:\Users\Kayke Mendes\Documents\projetoa3\simulador_django\venv\Lib\site-packages\django\template\base.py", line 516, in parse
    compiled_result = compile_func(self, token)
  File "C:\Users\Kayke Mendes\Documents\projetoa3\simulador_django\venv\Lib\site-packages\django\template\loader_tags.py", line 234, in do_block
    nodelist = parser.parse(("endblock",))
  File "C:\Users\Kayke Mendes\Documents\projetoa3\simulador_django\venv\Lib\site-packages\django\template\base.py", line 489, in parse
    raise self.error(token, e)
  File "C:\Users\Kayke Mendes\Documents\projetoa3\simulador_django\venv\Lib\site-packages\django\template\base.py", line 487, in parse
    filter_expression = self.compile_filter(token.contents)
  File "C:\Users\Kayke Mendes\Documents\projetoa3\simulador_django\venv\Lib\site-packages\django\template\base.py", line 609, in compile_filter
    return FilterExpression(token, self)
  File "C:\Users\Kayke Mendes\Documents\projetoa3\simulador_django\venv\Lib\site-packages\django\template\base.py", line 705, in __init__
    filter_func = parser.find_filter(filter_name)
  File "C:\Users\Kayke Mendes\Documents\projetoa3\simulador_django\venv\Lib\site-packages\django\template\base.py", line 615, in find_filter
    raise TemplateSyntaxError("Invalid filter: '%s'" % filter_name)
django.template.exceptions.TemplateSyntaxError: Invalid filter: 'crispy'
2025-10-19 15:14:38,634 [ERROR] django.server: "GET /signup/ HTTP/1.1" 500 196264
2025-10-19 15:15:42,735 [INFO] django.utils.autoreload: Watching for file changes with StatReloader
2025-10-19 15:15:49,161 [INFO] django.server: "GET / HTTP/1.1" 200 876
2025-10-19 15:15:50,916 [ERROR] django.request: Internal Server Error: /signup/
Traceback (most recent call last):
  File "C:\Users\Kayke Mendes\Documents\projetoa3\simulador_django\venv\Lib\site-packages\django\core\handlers\exception.py", line 55, in inner
    response = get_response(request)
  File "C:\Users\Kayke Mendes\Documents\projetoa3\simulador_django\venv\Lib\site-packages\django\core\handlers\base.py", line 197, in _get_response
    response = wrapped_callback(request, *callback_args, **callback_kwargs)
  File "C:\Users\Kayke Mendes\Documents\projetoa3\simulador_django\core\views.py", line 66, in signup_view
    return render(request, 'core/signup.html', {'form': form})
  File "C:\Users\Kayke Mendes\Documents\projetoa3\simulador_django\venv\Lib\site-packages\django\shortcuts.py", line 25, in render
    content = loader.render_to_string(template_name, context, request, using=using)
  File "C:\Users\Kayke Mendes\Documents\projetoa3\simulador_django\venv\Lib\site-packages\django\template\loader.py", line 61, in render_to_string
    template = get_template(template_name, using=using)
  File "C:\Users\Kayke Mendes\Documents\projetoa3\simulador_django\venv\Lib\site-packages\django\template\loader.py", line 15, in get_template
    return engine.get_template(template_name)
           ~~~~~~~~~~~~~~~~~~~^^^^^^^^^^^^^^^
  File "C:\Users\Kayke Mendes\Documents\projetoa3\simulador_django\venv\Lib\site-packages\django\template\backends\django.py", line 79, in get_template
    return Template(self.engine.get_template(template_name), self)
                    ~~~~~~~~~~~~~~~~~~~~~~~~^^^^^^^^^^^^^^^
  File "C:\Users\Kayke Mendes\Documents\projetoa3\simulador_django\venv\Lib\site-packages\django\template\engine.py", line 177, in get_template
    template, origin = self.find_template(template_name)
                       ~~~~~~~~~~~~~~~~~~^^^^^^^^^^^^^^^
  File "C:\Users\Kayke Mendes\Documents\projetoa3\simulador_django\venv\Lib\site-packages\django\template\engine.py", line 159, in find_template
    template = loader.get_template(name, skip=skip)
  File "C:\Users\Kayke Mendes\Documents\projetoa3\simulador_django\venv\Lib\site-packages\django\template\loaders\cached.py", line 57, in get_template
    template = super().get_template(template_name, skip)
  File "C:\Users\Kayke Mendes\Documents\projetoa3\simulador_django\venv\Lib\site-packages\django\template\loaders\base.py", line 28, in get_template
    return Template(
        contents,
    ...<2 lines>...
        self.engine,
    )
  File "C:\Users\Kayke Mendes\Documents\projetoa3\simulador_django\venv\Lib\site-packages\django\template\base.py", line 154, in __init__
    self.nodelist = self.compile_nodelist()
                    ~~~~~~~~~~~~~~~~~~~~~^^
  File "C:\Users\Kayke Mendes\Documents\projetoa3\simulador_django\venv\Lib\site-packages\django\template\base.py", line 196, in compile_nodelist
    nodelist = parser.parse()
  File "C:\Users\Kayke Mendes\Documents\projetoa3\simulador_django\venv\Lib\site-packages\django\template\base.py", line 518, in parse
    raise self.error(token, e)
  File "C:\Users\Kayke Mendes\Documents\projetoa3\simulador_django\venv\Lib\site-packages\django\template\base.py", line 516, in parse
    compiled_result = compile_func(self, token)
  File "C:\Users\Kayke Mendes\Documents\projetoa3\simulador_django\venv\Lib\site-packages\django\template\loader_tags.py", line 299, in do_extends
    nodelist = parser.parse()
  File "C:\Users\Kayke Mendes\Documents\projetoa3\simulador_django\venv\Lib\site-packages\django\template\base.py", line 518, in parse
    raise self.error(token, e)
  File "C:\Users\Kayke Mendes\Documents\projetoa3\simulador_django\venv\Lib\site-packages\django\template\base.py", line 516, in parse
    compiled_result = compile_func(self, token)
  File "C:\Users\Kayke Mendes\Documents\projetoa3\simulador_django\venv\Lib\site-packages\django\template\loader_tags.py", line 234, in do_block
    nodelist = parser.parse(("endblock",))
  File "C:\Users\Kayke Mendes\Documents\projetoa3\simulador_django\venv\Lib\site-packages\django\template\base.py", line 489, in parse
    raise self.error(token, e)
  File "C:\Users\Kayke Mendes\Documents\projetoa3\simulador_django\venv\Lib\site-packages\django\template\base.py", line 487, in parse
    filter_expression = self.compile_filter(token.contents)
  File "C:\Users\Kayke Mendes\Documents\projetoa3\simulador_django\venv\Lib\site-packages\django\template\base.py", line 609, in compile_filter
    return FilterExpression(token, self)
  File "C:\Users\Kayke Mendes\Documents\projetoa3\simulador_django\venv\Lib\site-packages\django\template\base.py", line 705, in __init__
    filter_func = parser.find_filter(filter_name)
  File "C:\Users\Kayke Mendes\Documents\projetoa3\simulador_django\venv\Lib\site-packages\django\template\base.py", line 615, in find_filter
    raise TemplateSyntaxError("Invalid filter: '%s'" % filter_name)
django.template.exceptions.TemplateSyntaxError: Invalid filter: 'crispy'
2025-10-19 15:15:50,924 [ERROR] django.server: "GET /signup/ HTTP/1.1" 500 197228
2025-10-19 15:16:44,608 [INFO] django.utils.autoreload: C:\Users\Kayke Mendes\Documents\projetoa3\simulador_django\simulador\settings.py changed, reloading.
2025-10-19 15:16:45,507 [INFO] django.utils.autoreload: Watching for file changes with StatReloader
2025-10-19 15:17:04,439 [INFO] django.utils.autoreload: Watching for file changes with StatReloader
2025-10-19 15:17:13,316 [INFO] django.server: "GET / HTTP/1.1" 200 876
2025-10-19 15:17:14,641 [ERROR] django.request: Internal Server Error: /signup/
Traceback (most recent call last):
  File "C:\Users\Kayke Mendes\Documents\projetoa3\simulador_django\venv\Lib\site-packages\django\core\handlers\exception.py", line 55, in inner
    response = get_response(request)
  File "C:\Users\Kayke Mendes\Documents\projetoa3\simulador_django\venv\Lib\site-packages\django\core\handlers\base.py", line 197, in _get_response
    response = wrapped_callback(request, *callback_args, **callback_kwargs)
  File "C:\Users\Kayke Mendes\Documents\projetoa3\simulador_django\core\views.py", line 66, in signup_view
    return render(request, 'core/signup.html', {'form': form})
  File "C:\Users\Kayke Mendes\Documents\projetoa3\simulador_django\venv\Lib\site-packages\django\shortcuts.py", line 25, in render
    content = loader.render_to_string(template_name, context, request, using=using)
  File "C:\Users\Kayke Mendes\Documents\projetoa3\simulador_django\venv\Lib\site-packages\django\template\loader.py", line 61, in render_to_string
    template = get_template(template_name, using=using)
  File "C:\Users\Kayke Mendes\Documents\projetoa3\simulador_django\venv\Lib\site-packages\django\template\loader.py", line 15, in get_template
    return engine.get_template(template_name)
           ~~~~~~~~~~~~~~~~~~~^^^^^^^^^^^^^^^
  File "C:\Users\Kayke Mendes\Documents\projetoa3\simulador_django\venv\Lib\site-packages\django\template\backends\django.py", line 79, in get_template
    return Template(self.engine.get_template(template_name), self)
                    ~~~~~~~~~~~~~~~~~~~~~~~~^^^^^^^^^^^^^^^
  File "C:\Users\Kayke Mendes\Documents\projetoa3\simulador_django\venv\Lib\site-packages\django\template\engine.py", line 177, in get_template
    template, origin = self.find_template(template_name)
                       ~~~~~~~~~~~~~~~~~~^^^^^^^^^^^^^^^
  File "C:\Users\Kayke Mendes\Documents\projetoa3\simulador_django\venv\Lib\site-packages\django\template\engine.py", line 159, in find_template
    template = loader.get_template(name, skip=skip)
  File "C:\Users\Kayke Mendes\Documents\projetoa3\simulador_django\venv\Lib\site-packages\django\template\loaders\cached.py", line 57, in get_template
    template = super().get_template(template_name, skip)
  File "C:\Users\Kayke Mendes\Documents\projetoa3\simulador_django\venv\Lib\site-packages\django\template\loaders\base.py", line 28, in get_template
    return Template(
        contents,
    ...<2 lines>...
        self.engine,
    )
  File "C:\Users\Kayke Mendes\Documents\projetoa3\simulador_django\venv\Lib\site-packages\django\template\base.py", line 154, in __init__
    self.nodelist = self.compile_nodelist()
                    ~~~~~~~~~~~~~~~~~~~~~^^
  File "C:\Users\Kayke Mendes\Documents\projetoa3\simulador_django\venv\Lib\site-packages\django\template\base.py", line 196, in compile_nodelist
    nodelist = parser.parse()
  File "C:\Users\Kayke Mendes\Documents\projetoa3\simulador_django\venv\Lib\site-packages\django\template\base.py", line 518, in parse
    raise self.error(token, e)
  File "C:\Users\Kayke Mendes\Documents\projetoa3\simulador_django\venv\Lib\site-packages\django\template\base.py", line 516, in parse
    compiled_result = compile_func(self, token)
  File "C:\Users\Kayke Mendes\Documents\projetoa3\simulador_django\venv\Lib\site-packages\django\template\loader_tags.py", line 299, in do_extends
    nodelist = parser.parse()
  File "C:\Users\Kayke Mendes\Documents\projetoa3\simulador_django\venv\Lib\site-packages\django\template\base.py", line 518, in parse
    raise self.error(token, e)
  File "C:\Users\Kayke Mendes\Documents\projetoa3\simulador_django\venv\Lib\site-packages\django\template\base.py", line 516, in parse
    compiled_result = compile_func(self, token)
  File "C:\Users\Kayke Mendes\Documents\projetoa3\simulador_django\venv\Lib\site-packages\django\template\loader_tags.py", line 234, in do_block
    nodelist = parser.parse(("endblock",))
  File "C:\Users\Kayke Mendes\Documents\projetoa3\simulador_django\venv\Lib\site-packages\django\template\base.py", line 489, in parse
    raise self.error(token, e)
  File "C:\Users\Kayke Mendes\Documents\projetoa3\simulador_django\venv\Lib\site-packages\django\template\base.py", line 487, in parse
    filter_expression = self.compile_filter(token.contents)
  File "C:\Users\Kayke Mendes\Documents\projetoa3\simulador_django\venv\Lib\site-packages\django\template\base.py", line 609, in compile_filter
    return FilterExpression(token, self)
  File "C:\Users\Kayke Mendes\Documents\projetoa3\simulador_django\venv\Lib\site-packages\django\template\base.py", line 705, in __init__
    filter_func = parser.find_filter(filter_name)
  File "C:\Users\Kayke Mendes\Documents\projetoa3\simulador_django\venv\Lib\site-packages\django\template\base.py", line 615, in find_filter
    raise TemplateSyntaxError("Invalid filter: '%s'" % filter_name)
django.template.exceptions.TemplateSyntaxError: Invalid filter: 'crispy'
2025-10-19 15:17:14,650 [ERROR] django.server: "GET /signup/ HTTP/1.1" 500 197228
2025-10-19 15:20:23,399 [INFO] django.utils.autoreload: C:\Users\Kayke Mendes\Documents\projetoa3\simulador_django\simulador\settings.py changed, reloading.
2025-10-19 15:20:23,400 [INFO] django.utils.autoreload: C:\Users\Kayke Mendes\Documents\projetoa3\simulador_django\simulador\settings.py changed, reloading.
2025-10-19 15:20:24,302 [INFO] django.utils.autoreload: Watching for file changes with StatReloader
2025-10-19 15:20:24,302 [INFO] django.utils.autoreload: Watching for file changes with StatReloader
2025-10-19 15:20:52,598 [INFO] django.utils.autoreload: Watching for file changes with StatReloader
2025-10-19 15:20:59,596 [INFO] django.server: "GET / HTTP/1.1" 200 876
2025-10-19 15:21:01,057 [INFO] django.server: "GET /signup/ HTTP/1.1" 200 1867
2025-10-19 15:21:35,322 [INFO] django.server: "POST /signup/ HTTP/1.1" 200 2190
2025-10-19 15:21:45,384 [INFO] core: Novo usuário cadastrado: usuario
2025-10-19 15:21:45,449 [INFO] django.server: "POST /signup/ HTTP/1.1" 302 0
2025-10-19 15:21:45,460 [INFO] django.server: "GET / HTTP/1.1" 200 946
2025-10-19 15:21:51,123 [INFO] django.server: "GET /memoria/ HTTP/1.1" 200 1872
2025-10-19 15:22:10,493 [INFO] core: Alocada 5 unidades para processo Tempo
2025-10-19 15:22:10,512 [INFO] django.server: "POST /memoria/ HTTP/1.1" 302 0
2025-10-19 15:22:10,523 [INFO] django.server: "GET /memoria/ HTTP/1.1" 200 2377
2025-10-19 15:22:15,594 [INFO] core: Liberação bloco 1 (5) do processo Tempo
2025-10-19 15:22:15,629 [INFO] django.server: "POST /memoria/ HTTP/1.1" 302 0
2025-10-19 15:22:15,639 [INFO] django.server: "GET /memoria/ HTTP/1.1" 200 1872
2025-10-19 15:22:17,419 [INFO] django.server: "GET /cpu/ HTTP/1.1" 200 1794
2025-10-19 15:22:27,347 [INFO] core: Processo criado: Processador (burst=1, prio=1)
2025-10-19 15:22:27,365 [INFO] django.server: "POST /cpu/ HTTP/1.1" 302 0
2025-10-19 15:22:27,375 [INFO] django.server: "GET /cpu/ HTTP/1.1" 200 1905
2025-10-19 15:22:39,568 [INFO] django.server: "GET /conversao/ HTTP/1.1" 200 1484
2025-10-19 15:22:42,889 [INFO] core: Conversão efetuada por usuario: 10 em dec -> {'decimal': '10', 'binary': '1010', 'hex': 'A', 'oct': '12'}
2025-10-19 15:22:42,909 [INFO] django.server: "POST /conversao/ HTTP/1.1" 200 1633
2025-10-19 15:22:51,270 [INFO] django.server: "GET / HTTP/1.1" 200 856
2025-10-19 15:22:54,129 [INFO] core: Logout: usuario
2025-10-19 15:22:54,146 [INFO] django.server: "GET /logout/ HTTP/1.1" 302 0
2025-10-19 15:22:54,151 [INFO] django.server: "GET / HTTP/1.1" 200 876
2025-10-19 15:22:56,519 [INFO] django.server: "GET /cpu/ HTTP/1.1" 302 0
2025-10-19 15:22:56,529 [WARNING] django.request: Not Found: /accounts/login/
2025-10-19 15:22:56,529 [WARNING] django.server: "GET /accounts/login/?next=/cpu/ HTTP/1.1" 404 4011
2025-10-19 15:23:04,938 [WARNING] django.request: Not Found: /accounts/login/
2025-10-19 15:23:04,938 [WARNING] django.server: "GET /accounts/login/?next=/cpu/ HTTP/1.1" 404 4011
2025-10-19 15:27:40,716 [INFO] django.server: "GET / HTTP/1.1" 200 983
2025-10-19 15:27:52,145 [INFO] django.server: "GET /login/ HTTP/1.1" 200 1409
2025-10-19 15:27:55,176 [INFO] django.server: "GET /signup/ HTTP/1.1" 200 1974
2025-10-19 15:28:39,271 [INFO] django.server: "GET /signup/ HTTP/1.1" 200 1974
2025-10-19 15:28:40,955 [INFO] django.server: "GET /login/ HTTP/1.1" 200 1409
2025-10-19 15:28:42,565 [INFO] django.server: "GET /memoria/ HTTP/1.1" 302 0
2025-10-19 15:28:42,575 [WARNING] django.request: Not Found: /accounts/login/
2025-10-19 15:28:42,576 [WARNING] django.server: "GET /accounts/login/?next=/memoria/ HTTP/1.1" 404 4015
2025-10-19 15:28:52,765 [WARNING] django.request: Not Found: /accounts/login/
2025-10-19 15:28:52,766 [WARNING] django.server: "GET /accounts/login/?next=/memoria/ HTTP/1.1" 404 4015
2025-10-19 15:28:57,261 [INFO] django.server: "GET / HTTP/1.1" 200 983
2025-10-19 15:28:58,717 [INFO] django.server: "GET /login/ HTTP/1.1" 200 1409
2025-10-19 15:29:22,917 [WARNING] core: Tentativa de login falha: admin
2025-10-19 15:29:22,937 [INFO] django.server: "POST /login/ HTTP/1.1" 200 1495
2025-10-19 15:29:33,264 [WARNING] core: Tentativa de login falha: Admin
2025-10-19 15:29:33,290 [INFO] django.server: "POST /login/ HTTP/1.1" 200 1495
2025-10-19 15:29:41,613 [INFO] core: Login realizado: Admin
2025-10-19 15:29:41,650 [INFO] django.server: "POST /login/ HTTP/1.1" 302 0
2025-10-19 15:29:41,659 [INFO] django.server: "GET / HTTP/1.1" 200 961
2025-10-19 15:29:53,780 [INFO] django.server: "GET /memoria/ HTTP/1.1" 200 1977
2025-10-19 15:29:57,177 [INFO] django.server: "GET /cpu/ HTTP/1.1" 200 2010
2025-10-19 15:29:59,712 [INFO] django.server: "GET /conversao/ HTTP/1.1" 200 1589
2025-10-19 15:30:02,631 [INFO] django.server: "GET / HTTP/1.1" 200 961
2025-10-19 15:30:03,905 [INFO] core: Logout: Admin
2025-10-19 15:30:03,922 [INFO] django.server: "GET /logout/ HTTP/1.1" 302 0
2025-10-19 15:30:03,928 [INFO] django.server: "GET / HTTP/1.1" 200 983
2025-10-19 15:30:28,048 [INFO] django.server: "GET / HTTP/1.1" 200 983
2025-10-19 15:30:29,887 [INFO] django.server: "GET /memoria/ HTTP/1.1" 302 0
2025-10-19 15:30:29,899 [WARNING] django.request: Not Found: /accounts/login/
2025-10-19 15:30:29,900 [WARNING] django.server: "GET /accounts/login/?next=/memoria/ HTTP/1.1" 404 4015
2025-10-19 15:30:36,381 [INFO] django.server: "GET / HTTP/1.1" 200 983
2025-10-19 15:30:37,819 [INFO] django.server: "GET /login/ HTTP/1.1" 200 1409
2025-10-19 15:30:44,576 [INFO] core: Login realizado: Admin
2025-10-19 15:30:44,609 [INFO] django.server: "POST /login/ HTTP/1.1" 302 0
2025-10-19 15:30:44,619 [INFO] django.server: "GET / HTTP/1.1" 200 961
2025-10-19 15:30:48,353 [INFO] django.server: "GET /memoria/ HTTP/1.1" 200 1977
2025-10-19 15:30:51,009 [INFO] django.server: "GET /cpu/ HTTP/1.1" 200 2010
2025-10-19 15:30:54,435 [INFO] django.server: "GET /conversao/ HTTP/1.1" 200 1589
2025-10-19 15:30:55,659 [INFO] django.server: "GET / HTTP/1.1" 200 961
2025-10-19 15:31:11,543 [INFO] django.server: "GET / HTTP/1.1" 200 961
2025-10-19 15:31:12,885 [INFO] django.server: "GET /memoria/ HTTP/1.1" 200 2080
2025-10-19 15:31:14,169 [INFO] django.server: "GET /cpu/ HTTP/1.1" 200 2113
2025-10-19 15:31:15,486 [INFO] django.server: "GET /conversao/ HTTP/1.1" 200 1692
2025-10-19 15:31:16,352 [INFO] django.server: "GET / HTTP/1.1" 200 961
2025-10-19 15:32:11,449 [INFO] django.server: "GET /memoria/ HTTP/1.1" 200 1891
2025-10-19 15:32:12,916 [INFO] django.server: "GET /memoria/ HTTP/1.1" 200 1891
2025-10-19 15:32:14,934 [INFO] django.server: "GET /memoria/ HTTP/1.1" 200 1891
2025-10-19 15:32:16,334 [INFO] django.server: "GET /cpu/ HTTP/1.1" 200 2010
2025-10-19 15:32:17,418 [INFO] django.server: "GET /conversao/ HTTP/1.1" 200 1589
2025-10-19 15:32:18,325 [INFO] django.server: "GET / HTTP/1.1" 200 961
2025-10-19 15:32:19,123 [INFO] core: Logout: Admin
2025-10-19 15:32:19,141 [INFO] django.server: "GET /logout/ HTTP/1.1" 302 0
2025-10-19 15:32:19,146 [INFO] django.server: "GET / HTTP/1.1" 200 983
2025-10-19 15:32:19,960 [INFO] django.server: "GET /signup/ HTTP/1.1" 200 1974
2025-10-19 15:32:39,095 [INFO] django.server: "GET /signup/ HTTP/1.1" 200 2078
2025-10-19 15:32:41,194 [INFO] django.server: "GET /signup/ HTTP/1.1" 200 2078
2025-10-19 15:32:48,966 [INFO] django.server: "GET /signup/ HTTP/1.1" 200 2186
2025-10-19 15:33:14,529 [INFO] django.server: "GET /signup/ HTTP/1.1" 200 2097
2025-10-19 15:33:22,128 [INFO] django.server: "GET /signup/ HTTP/1.1" 200 1976
2025-10-19 15:34:08,384 [INFO] django.server: "GET /signup/ HTTP/1.1" 200 1976
2025-10-19 15:34:10,790 [INFO] django.server: "GET /login/ HTTP/1.1" 200 1410
2025-10-19 15:34:20,757 [INFO] core: Login realizado: Admin
2025-10-19 15:34:20,793 [INFO] django.server: "POST /login/ HTTP/1.1" 302 0
2025-10-19 15:34:20,803 [INFO] django.server: "GET / HTTP/1.1" 200 961
2025-10-19 15:34:25,914 [INFO] django.server: "GET /memoria/ HTTP/1.1" 200 223
2025-10-19 15:34:39,419 [INFO] django.server: "GET /memoria/ HTTP/1.1" 200 223
2025-10-19 15:34:41,989 [INFO] django.server: "GET /memoria/ HTTP/1.1" 200 223
2025-10-19 15:34:44,861 [INFO] django.server: "GET /memoria/ HTTP/1.1" 200 1891
2025-10-19 15:34:47,372 [INFO] django.server: "GET /memoria/ HTTP/1.1" 200 1891
2025-10-19 15:35:36,678 [INFO] django.server: "GET /admin/ HTTP/1.1" 200 8440
2025-10-19 15:35:36,902 [INFO] django.server: "GET /static/admin/css/base.css HTTP/1.1" 200 22120
2025-10-19 15:35:36,911 [INFO] django.server: "GET /static/admin/css/dark_mode.css HTTP/1.1" 200 2808
2025-10-19 15:35:36,914 [INFO] django.server: "GET /static/admin/css/nav_sidebar.css HTTP/1.1" 200 2810
2025-10-19 15:35:36,914 [INFO] django.server: "GET /static/admin/css/dashboard.css HTTP/1.1" 200 441
2025-10-19 15:35:36,917 [INFO] django.server: "GET /static/admin/css/responsive.css HTTP/1.1" 200 16565
2025-10-19 15:35:36,924 [INFO] django.server: "GET /static/admin/js/theme.js HTTP/1.1" 200 1653
2025-10-19 15:35:36,944 [INFO] django.server: "GET /static/admin/js/nav_sidebar.js HTTP/1.1" 200 3063
2025-10-19 15:35:36,946 [INFO] django.server: "GET /static/admin/img/icon-addlink.svg HTTP/1.1" 200 331
2025-10-19 15:35:36,946 [INFO] django.server: "GET /static/admin/img/icon-changelink.svg HTTP/1.1" 200 380
2025-10-19 15:35:48,428 [INFO] django.server: "GET /admin/core/log/ HTTP/1.1" 200 19171
2025-10-19 15:35:48,470 [INFO] django.server: "GET /static/admin/css/changelists.css HTTP/1.1" 200 6878
2025-10-19 15:35:48,475 [INFO] django.server: "GET /static/admin/js/jquery.init.js HTTP/1.1" 200 347
2025-10-19 15:35:48,488 [INFO] django.server: "GET /static/admin/js/core.js HTTP/1.1" 200 6208
2025-10-19 15:35:48,489 [INFO] django.server: "GET /static/admin/js/admin/RelatedObjectLookups.js HTTP/1.1" 200 9777
2025-10-19 15:35:48,499 [INFO] django.server: "GET /static/admin/js/urlify.js HTTP/1.1" 200 7887
2025-10-19 15:35:48,500 [INFO] django.server: "GET /static/admin/js/actions.js HTTP/1.1" 200 8076
2025-10-19 15:35:48,506 [INFO] django.server: "GET /admin/jsi18n/ HTTP/1.1" 200 8514
2025-10-19 15:35:48,510 [INFO] django.server: "GET /static/admin/js/prepopulate.js HTTP/1.1" 200 1531
2025-10-19 15:35:48,552 [INFO] django.server: "GET /static/admin/js/vendor/jquery/jquery.js HTTP/1.1" 200 285314
2025-10-19 15:35:48,580 [INFO] django.server: "GET /static/admin/js/filters.js HTTP/1.1" 200 978
2025-10-19 15:35:48,644 [INFO] django.server: "GET /static/admin/js/vendor/xregexp/xregexp.js HTTP/1.1" 200 325171
2025-10-19 15:35:48,680 [INFO] django.server: "GET /static/admin/img/tooltag-add.svg HTTP/1.1" 200 331
2025-10-19 15:35:48,681 [INFO] django.server: "GET /static/admin/img/icon-viewlink.svg HTTP/1.1" 200 581
2025-10-19 15:47:47,245 [INFO] django.utils.autoreload: C:\Users\Kayke Mendes\Documents\projetoa3\simulador_django\core\views.py changed, reloading.
2025-10-19 15:47:48,210 [INFO] django.utils.autoreload: Watching for file changes with StatReloader
2025-10-19 15:48:18,367 [INFO] django.utils.autoreload: Watching for file changes with StatReloader
2025-10-19 15:48:51,887 [INFO] django.server: "GET / HTTP/1.1" 200 867
2025-10-19 15:49:00,101 [INFO] django.server: "GET /memoria/ HTTP/1.1" 200 1797
2025-10-19 15:49:00,781 [INFO] django.server: "GET /cpu/ HTTP/1.1" 200 1916
2025-10-19 15:49:01,467 [INFO] django.server: "GET /conversao/ HTTP/1.1" 200 1495
2025-10-19 15:49:02,462 [INFO] django.server: "GET / HTTP/1.1" 200 867
2025-10-19 15:49:03,451 [INFO] django.server: "GET /conversao/ HTTP/1.1" 200 1495
2025-10-19 15:49:04,149 [INFO] django.server: "GET /cpu/ HTTP/1.1" 200 1916
2025-10-19 15:49:04,423 [INFO] django.server: "GET /memoria/ HTTP/1.1" 200 1797
2025-10-19 15:49:08,582 [INFO] django.server: "GET /cpu/ HTTP/1.1" 200 1916
2025-10-19 15:49:46,264 [ERROR] django.request: Internal Server Error: /cpu/
Traceback (most recent call last):
  File "C:\Users\Kayke Mendes\Documents\projetoa3\simulador_django\venv\Lib\site-packages\django\core\handlers\exception.py", line 55, in inner
    response = get_response(request)
  File "C:\Users\Kayke Mendes\Documents\projetoa3\simulador_django\venv\Lib\site-packages\django\core\handlers\base.py", line 197, in _get_response
    response = wrapped_callback(request, *callback_args, **callback_kwargs)
  File "C:\Users\Kayke Mendes\Documents\projetoa3\simulador_django\venv\Lib\site-packages\django\contrib\auth\decorators.py", line 59, in _view_wrapper
    return view_func(request, *args, **kwargs)
  File "C:\Users\Kayke Mendes\Documents\projetoa3\simulador_django\core\views.py", line 150, in cpu_view
    return render(request, 'core/cpu.html', {'processes': processes, 'timeline': timeline})
  File "C:\Users\Kayke Mendes\Documents\projetoa3\simulador_django\venv\Lib\site-packages\django\shortcuts.py", line 25, in render
    content = loader.render_to_string(template_name, context, request, using=using)
  File "C:\Users\Kayke Mendes\Documents\projetoa3\simulador_django\venv\Lib\site-packages\django\template\loader.py", line 61, in render_to_string
    template = get_template(template_name, using=using)
  File "C:\Users\Kayke Mendes\Documents\projetoa3\simulador_django\venv\Lib\site-packages\django\template\loader.py", line 15, in get_template
    return engine.get_template(template_name)
           ~~~~~~~~~~~~~~~~~~~^^^^^^^^^^^^^^^
  File "C:\Users\Kayke Mendes\Documents\projetoa3\simulador_django\venv\Lib\site-packages\django\template\backends\django.py", line 79, in get_template
    return Template(self.engine.get_template(template_name), self)
                    ~~~~~~~~~~~~~~~~~~~~~~~~^^^^^^^^^^^^^^^
  File "C:\Users\Kayke Mendes\Documents\projetoa3\simulador_django\venv\Lib\site-packages\django\template\engine.py", line 177, in get_template
    template, origin = self.find_template(template_name)
                       ~~~~~~~~~~~~~~~~~~^^^^^^^^^^^^^^^
  File "C:\Users\Kayke Mendes\Documents\projetoa3\simulador_django\venv\Lib\site-packages\django\template\engine.py", line 159, in find_template
    template = loader.get_template(name, skip=skip)
  File "C:\Users\Kayke Mendes\Documents\projetoa3\simulador_django\venv\Lib\site-packages\django\template\loaders\cached.py", line 57, in get_template
    template = super().get_template(template_name, skip)
  File "C:\Users\Kayke Mendes\Documents\projetoa3\simulador_django\venv\Lib\site-packages\django\template\loaders\base.py", line 28, in get_template
    return Template(
        contents,
    ...<2 lines>...
        self.engine,
    )
  File "C:\Users\Kayke Mendes\Documents\projetoa3\simulador_django\venv\Lib\site-packages\django\template\base.py", line 154, in __init__
    self.nodelist = self.compile_nodelist()
                    ~~~~~~~~~~~~~~~~~~~~~^^
  File "C:\Users\Kayke Mendes\Documents\projetoa3\simulador_django\venv\Lib\site-packages\django\template\base.py", line 196, in compile_nodelist
    nodelist = parser.parse()
  File "C:\Users\Kayke Mendes\Documents\projetoa3\simulador_django\venv\Lib\site-packages\django\template\base.py", line 518, in parse
    raise self.error(token, e)
  File "C:\Users\Kayke Mendes\Documents\projetoa3\simulador_django\venv\Lib\site-packages\django\template\base.py", line 516, in parse
    compiled_result = compile_func(self, token)
  File "C:\Users\Kayke Mendes\Documents\projetoa3\simulador_django\venv\Lib\site-packages\django\template\loader_tags.py", line 299, in do_extends
    nodelist = parser.parse()
  File "C:\Users\Kayke Mendes\Documents\projetoa3\simulador_django\venv\Lib\site-packages\django\template\base.py", line 518, in parse
    raise self.error(token, e)
  File "C:\Users\Kayke Mendes\Documents\projetoa3\simulador_django\venv\Lib\site-packages\django\template\base.py", line 516, in parse
    compiled_result = compile_func(self, token)
  File "C:\Users\Kayke Mendes\Documents\projetoa3\simulador_django\venv\Lib\site-packages\django\template\loader_tags.py", line 234, in do_block
    nodelist = parser.parse(("endblock",))
  File "C:\Users\Kayke Mendes\Documents\projetoa3\simulador_django\venv\Lib\site-packages\django\template\base.py", line 523, in parse
    self.unclosed_block_tag(parse_until)
    ~~~~~~~~~~~~~~~~~~~~~~~^^^^^^^^^^^^^
  File "C:\Users\Kayke Mendes\Documents\projetoa3\simulador_django\venv\Lib\site-packages\django\template\base.py", line 590, in unclosed_block_tag
    raise self.error(token, msg)
django.template.exceptions.TemplateSyntaxError: Unclosed tag on line 2: 'block'. Looking for one of: endblock.
2025-10-19 15:49:46,272 [ERROR] django.server: "GET /cpu/ HTTP/1.1" 500 171184
2025-10-19 15:50:09,570 [ERROR] django.request: Internal Server Error: /cpu/
Traceback (most recent call last):
  File "C:\Users\Kayke Mendes\Documents\projetoa3\simulador_django\venv\Lib\site-packages\django\core\handlers\exception.py", line 55, in inner
    response = get_response(request)
  File "C:\Users\Kayke Mendes\Documents\projetoa3\simulador_django\venv\Lib\site-packages\django\core\handlers\base.py", line 197, in _get_response
    response = wrapped_callback(request, *callback_args, **callback_kwargs)
  File "C:\Users\Kayke Mendes\Documents\projetoa3\simulador_django\venv\Lib\site-packages\django\contrib\auth\decorators.py", line 59, in _view_wrapper
    return view_func(request, *args, **kwargs)
  File "C:\Users\Kayke Mendes\Documents\projetoa3\simulador_django\core\views.py", line 150, in cpu_view
    return render(request, 'core/cpu.html', {'processes': processes, 'timeline': timeline})
  File "C:\Users\Kayke Mendes\Documents\projetoa3\simulador_django\venv\Lib\site-packages\django\shortcuts.py", line 25, in render
    content = loader.render_to_string(template_name, context, request, using=using)
  File "C:\Users\Kayke Mendes\Documents\projetoa3\simulador_django\venv\Lib\site-packages\django\template\loader.py", line 61, in render_to_string
    template = get_template(template_name, using=using)
  File "C:\Users\Kayke Mendes\Documents\projetoa3\simulador_django\venv\Lib\site-packages\django\template\loader.py", line 15, in get_template
    return engine.get_template(template_name)
           ~~~~~~~~~~~~~~~~~~~^^^^^^^^^^^^^^^
  File "C:\Users\Kayke Mendes\Documents\projetoa3\simulador_django\venv\Lib\site-packages\django\template\backends\django.py", line 79, in get_template
    return Template(self.engine.get_template(template_name), self)
                    ~~~~~~~~~~~~~~~~~~~~~~~~^^^^^^^^^^^^^^^
  File "C:\Users\Kayke Mendes\Documents\projetoa3\simulador_django\venv\Lib\site-packages\django\template\engine.py", line 177, in get_template
    template, origin = self.find_template(template_name)
                       ~~~~~~~~~~~~~~~~~~^^^^^^^^^^^^^^^
  File "C:\Users\Kayke Mendes\Documents\projetoa3\simulador_django\venv\Lib\site-packages\django\template\engine.py", line 159, in find_template
    template = loader.get_template(name, skip=skip)
  File "C:\Users\Kayke Mendes\Documents\projetoa3\simulador_django\venv\Lib\site-packages\django\template\loaders\cached.py", line 57, in get_template
    template = super().get_template(template_name, skip)
  File "C:\Users\Kayke Mendes\Documents\projetoa3\simulador_django\venv\Lib\site-packages\django\template\loaders\base.py", line 28, in get_template
    return Template(
        contents,
    ...<2 lines>...
        self.engine,
    )
  File "C:\Users\Kayke Mendes\Documents\projetoa3\simulador_django\venv\Lib\site-packages\django\template\base.py", line 154, in __init__
    self.nodelist = self.compile_nodelist()
                    ~~~~~~~~~~~~~~~~~~~~~^^
  File "C:\Users\Kayke Mendes\Documents\projetoa3\simulador_django\venv\Lib\site-packages\django\template\base.py", line 196, in compile_nodelist
    nodelist = parser.parse()
  File "C:\Users\Kayke Mendes\Documents\projetoa3\simulador_django\venv\Lib\site-packages\django\template\base.py", line 518, in parse
    raise self.error(token, e)
  File "C:\Users\Kayke Mendes\Documents\projetoa3\simulador_django\venv\Lib\site-packages\django\template\base.py", line 516, in parse
    compiled_result = compile_func(self, token)
  File "C:\Users\Kayke Mendes\Documents\projetoa3\simulador_django\venv\Lib\site-packages\django\template\loader_tags.py", line 299, in do_extends
    nodelist = parser.parse()
  File "C:\Users\Kayke Mendes\Documents\projetoa3\simulador_django\venv\Lib\site-packages\django\template\base.py", line 518, in parse
    raise self.error(token, e)
  File "C:\Users\Kayke Mendes\Documents\projetoa3\simulador_django\venv\Lib\site-packages\django\template\base.py", line 516, in parse
    compiled_result = compile_func(self, token)
  File "C:\Users\Kayke Mendes\Documents\projetoa3\simulador_django\venv\Lib\site-packages\django\template\loader_tags.py", line 234, in do_block
    nodelist = parser.parse(("endblock",))
  File "C:\Users\Kayke Mendes\Documents\projetoa3\simulador_django\venv\Lib\site-packages\django\template\base.py", line 523, in parse
    self.unclosed_block_tag(parse_until)
    ~~~~~~~~~~~~~~~~~~~~~~~^^^^^^^^^^^^^
  File "C:\Users\Kayke Mendes\Documents\projetoa3\simulador_django\venv\Lib\site-packages\django\template\base.py", line 590, in unclosed_block_tag
    raise self.error(token, msg)
django.template.exceptions.TemplateSyntaxError: Unclosed tag on line 2: 'block'. Looking for one of: endblock.
2025-10-19 15:50:09,575 [ERROR] django.server: "GET /cpu/ HTTP/1.1" 500 171184
2025-10-19 15:50:16,564 [INFO] django.server: "GET /cpu/ HTTP/1.1" 200 1916
2025-10-19 15:50:18,039 [INFO] core: Logout: Admin
2025-10-19 15:50:18,057 [INFO] django.server: "GET /logout/ HTTP/1.1" 302 0
2025-10-19 15:50:18,063 [INFO] django.server: "GET / HTTP/1.1" 200 889
2025-10-19 15:53:41,565 [INFO] django.utils.autoreload: Watching for file changes with StatReloader
2025-10-19 15:53:55,149 [INFO] django.server: "GET / HTTP/1.1" 200 889
2025-10-19 15:58:11,853 [INFO] django.utils.autoreload: Watching for file changes with StatReloader
2025-10-19 15:58:21,877 [INFO] django.server: "GET / HTTP/1.1" 200 889
2025-10-19 15:58:22,156 [WARNING] django.request: Not Found: /favicon.ico
2025-10-19 15:58:22,156 [WARNING] django.server: "GET /favicon.ico HTTP/1.1" 404 3988
2025-10-19 15:58:32,132 [INFO] django.server: "GET /login/ HTTP/1.1" 200 1316
2025-10-19 15:58:33,154 [INFO] django.server: "GET /signup/ HTTP/1.1" 200 1882
2025-10-19 15:58:35,651 [INFO] django.server: "GET / HTTP/1.1" 200 889
2025-10-19 15:58:51,045 [INFO] django.server: "GET /memoria/ HTTP/1.1" 302 0
2025-10-19 15:58:51,055 [WARNING] django.request: Not Found: /accounts/login/
2025-10-19 15:58:51,056 [WARNING] django.server: "GET /accounts/login/?next=/memoria/ HTTP/1.1" 404 4015
2025-10-19 15:58:57,038 [INFO] django.server: "GET /cpu/ HTTP/1.1" 302 0
2025-10-19 15:58:57,048 [WARNING] django.request: Not Found: /accounts/login/
2025-10-19 15:58:57,048 [WARNING] django.server: "GET /accounts/login/?next=/cpu/ HTTP/1.1" 404 4011
2025-10-19 15:59:13,732 [INFO] django.server: "GET /signup/ HTTP/1.1" 200 1882
2025-10-19 15:59:44,651 [INFO] django.server: "POST /signup/ HTTP/1.1" 200 2280
2025-10-19 16:00:03,202 [INFO] django.server: "GET /login/ HTTP/1.1" 200 1316
2025-10-19 16:00:11,910 [INFO] core: Login realizado: Admin
2025-10-19 16:00:11,944 [INFO] django.server: "POST /login/ HTTP/1.1" 302 0
2025-10-19 16:00:11,956 [INFO] django.server: "GET / HTTP/1.1" 200 867
2025-10-19 16:00:25,743 [INFO] django.server: "GET /memoria/ HTTP/1.1" 200 1797
2025-10-19 16:00:59,988 [INFO] django.server: "GET /cpu/ HTTP/1.1" 200 1916
2025-10-19 16:01:05,297 [INFO] django.server: "GET /conversao/ HTTP/1.1" 200 1495
2025-10-19 16:01:11,083 [INFO] core: Conversão efetuada por Admin: 10 em bin -> {'decimal': '2', 'binary': '10', 'hex': '2', 'oct': '2'}
2025-10-19 16:01:11,102 [INFO] django.server: "POST /conversao/ HTTP/1.1" 200 1640
2025-10-19 16:01:21,920 [INFO] core: Conversão efetuada por Admin: 10 em dec -> {'decimal': '10', 'binary': '1010', 'hex': 'A', 'oct': '12'}
2025-10-19 16:01:21,941 [INFO] django.server: "POST /conversao/ HTTP/1.1" 200 1644
2025-10-19 16:01:27,455 [INFO] django.server: "GET / HTTP/1.1" 200 867
2025-10-19 16:01:39,593 [INFO] django.server: "GET /admin/ HTTP/1.1" 200 8440
2025-10-19 16:01:39,632 [INFO] django.server: "GET /static/admin/css/base.css HTTP/1.1" 304 0
2025-10-19 16:01:39,634 [INFO] django.server: "GET /static/admin/css/dark_mode.css HTTP/1.1" 304 0
2025-10-19 16:01:39,636 [INFO] django.server: "GET /static/admin/css/nav_sidebar.css HTTP/1.1" 304 0
2025-10-19 16:01:39,637 [INFO] django.server: "GET /static/admin/js/theme.js HTTP/1.1" 304 0
2025-10-19 16:01:39,638 [INFO] django.server: "GET /static/admin/css/dashboard.css HTTP/1.1" 304 0
2025-10-19 16:01:39,638 [INFO] django.server: "GET /static/admin/css/responsive.css HTTP/1.1" 304 0
2025-10-19 16:01:39,641 [INFO] django.server: "GET /static/admin/js/nav_sidebar.js HTTP/1.1" 304 0
2025-10-19 16:01:39,649 [INFO] django.server: "GET /static/admin/img/icon-addlink.svg HTTP/1.1" 304 0
2025-10-19 16:01:39,649 [INFO] django.server: "GET /static/admin/img/icon-changelink.svg HTTP/1.1" 304 0
2025-10-19 16:01:47,240 [INFO] django.server: "GET /admin/core/log/ HTTP/1.1" 200 21469
2025-10-19 16:01:47,269 [INFO] django.server: "GET /static/admin/js/vendor/jquery/jquery.js HTTP/1.1" 304 0
2025-10-19 16:01:47,270 [INFO] django.server: "GET /static/admin/js/admin/RelatedObjectLookups.js HTTP/1.1" 304 0
2025-10-19 16:01:47,271 [INFO] django.server: "GET /static/admin/js/core.js HTTP/1.1" 304 0
2025-10-19 16:01:47,271 [INFO] django.server: "GET /static/admin/css/changelists.css HTTP/1.1" 304 0
2025-10-19 16:01:47,274 [INFO] django.server: "GET /static/admin/js/jquery.init.js HTTP/1.1" 304 0
2025-10-19 16:01:47,275 [INFO] django.server: "GET /static/admin/js/actions.js HTTP/1.1" 304 0
2025-10-19 16:01:47,276 [INFO] django.server: "GET /static/admin/js/urlify.js HTTP/1.1" 304 0
2025-10-19 16:01:47,276 [INFO] django.server: "GET /static/admin/js/vendor/xregexp/xregexp.js HTTP/1.1" 304 0
2025-10-19 16:01:47,276 [INFO] django.server: "GET /static/admin/js/prepopulate.js HTTP/1.1" 304 0
2025-10-19 16:01:47,280 [INFO] django.server: "GET /admin/jsi18n/ HTTP/1.1" 200 8514
2025-10-19 16:01:47,283 [INFO] django.server: "GET /static/admin/js/filters.js HTTP/1.1" 304 0
2025-10-19 16:01:47,307 [INFO] django.server: "GET /static/admin/img/tooltag-add.svg HTTP/1.1" 304 0
2025-10-19 16:01:47,308 [INFO] django.server: "GET /static/admin/img/icon-viewlink.svg HTTP/1.1" 304 0
2025-10-19 16:01:57,580 [INFO] django.server: "GET /admin/ HTTP/1.1" 200 8440
2025-10-19 16:01:59,250 [INFO] django.server: "GET /admin/auth/group/ HTTP/1.1" 200 9591
2025-10-19 16:01:59,278 [INFO] django.server: "GET /admin/jsi18n/ HTTP/1.1" 200 8514
2025-10-19 16:01:59,354 [INFO] django.server: "GET /static/admin/img/search.svg HTTP/1.1" 200 458
2025-10-19 16:02:00,216 [INFO] django.server: "GET /admin/ HTTP/1.1" 200 8440
2025-10-19 16:02:00,904 [INFO] django.server: "GET /admin/auth/user/ HTTP/1.1" 200 14208
2025-10-19 16:02:00,933 [INFO] django.server: "GET /admin/jsi18n/ HTTP/1.1" 200 8514
2025-10-19 16:02:00,950 [INFO] django.server: "GET /static/admin/img/icon-yes.svg HTTP/1.1" 200 436
2025-10-19 16:02:00,951 [INFO] django.server: "GET /static/admin/img/icon-no.svg HTTP/1.1" 200 560
2025-10-19 16:02:00,971 [INFO] django.server: "GET /static/admin/img/sorting-icons.svg HTTP/1.1" 200 1097
2025-10-19 16:02:20,885 [INFO] django.server: "POST /admin/auth/user/ HTTP/1.1" 200 9350
2025-10-19 16:02:20,934 [INFO] django.server: "GET /static/admin/js/cancel.js HTTP/1.1" 200 884
2025-10-19 16:02:23,049 [INFO] django.server: "GET /admin/auth/user/ HTTP/1.1" 200 14208
2025-10-19 16:09:30,758 [INFO] core: Logout: Admin
2025-10-19 16:09:30,776 [INFO] django.server: "GET /logout/ HTTP/1.1" 302 0
2025-10-19 16:09:30,781 [INFO] django.server: "GET / HTTP/1.1" 200 889
2025-10-19 16:10:40,715 [INFO] django.utils.autoreload: Watching for file changes with StatReloader
2025-10-19 16:10:47,751 [INFO] django.server: "GET / HTTP/1.1" 200 889
2025-10-19 16:10:48,094 [WARNING] django.request: Not Found: /favicon.ico
2025-10-19 16:10:48,095 [WARNING] django.server: "GET /favicon.ico HTTP/1.1" 404 3988
2025-10-19 16:11:06,405 [INFO] django.server: "GET /login/ HTTP/1.1" 200 1316
2025-10-19 16:11:09,100 [INFO] django.server: "GET /signup/ HTTP/1.1" 200 1882
2025-10-19 16:11:09,991 [INFO] django.server: "GET /login/ HTTP/1.1" 200 1316
2025-10-19 16:11:19,608 [WARNING] core: Tentativa de login falha: Vitoria
2025-10-19 16:11:19,630 [INFO] django.server: "POST /login/ HTTP/1.1" 200 1402
2025-10-19 16:11:26,828 [INFO] django.server: "GET /signup/ HTTP/1.1" 200 1882
2025-10-19 16:12:08,520 [INFO] django.server: "POST /signup/ HTTP/1.1" 200 2211
2025-10-19 16:12:26,835 [INFO] django.server: "POST /signup/ HTTP/1.1" 200 2324
2025-10-19 16:12:43,799 [INFO] django.server: "POST /signup/ HTTP/1.1" 200 2245
2025-10-19 16:12:55,825 [INFO] core: Novo usuário cadastrado: usuario123
2025-10-19 16:12:55,891 [INFO] django.server: "POST /signup/ HTTP/1.1" 302 0
2025-10-19 16:12:55,901 [INFO] django.server: "GET / HTTP/1.1" 200 962
2025-10-19 16:12:58,990 [INFO] django.server: "GET /memoria/ HTTP/1.1" 200 1802
2025-10-19 16:13:04,597 [INFO] django.server: "GET /cpu/ HTTP/1.1" 200 1921
2025-10-19 16:13:06,542 [INFO] django.server: "GET /conversao/ HTTP/1.1" 200 1500
2025-10-19 16:13:10,589 [INFO] core: Conversão efetuada por usuario123: 10 em dec -> {'decimal': '10', 'binary': '1010', 'hex': 'A', 'oct': '12'}
2025-10-19 16:13:10,607 [INFO] django.server: "POST /conversao/ HTTP/1.1" 200 1649
2025-10-19 16:13:20,693 [INFO] django.server: "GET / HTTP/1.1" 200 872
2025-10-19 16:13:29,805 [INFO] django.server: "GET /admin/ HTTP/1.1" 302 0
2025-10-19 16:13:29,874 [INFO] django.server: "GET /admin/login/?next=/admin/ HTTP/1.1" 200 3745
2025-10-19 16:13:29,910 [INFO] django.server: "GET /static/admin/css/base.css HTTP/1.1" 304 0
2025-10-19 16:13:29,914 [INFO] django.server: "GET /static/admin/css/dark_mode.css HTTP/1.1" 304 0
2025-10-19 16:13:29,916 [INFO] django.server: "GET /static/admin/js/theme.js HTTP/1.1" 304 0
2025-10-19 16:13:29,917 [INFO] django.server: "GET /static/admin/css/nav_sidebar.css HTTP/1.1" 304 0
2025-10-19 16:13:29,917 [INFO] django.server: "GET /static/admin/css/responsive.css HTTP/1.1" 304 0
2025-10-19 16:13:29,921 [INFO] django.server: "GET /static/admin/js/nav_sidebar.js HTTP/1.1" 304 0
2025-10-19 16:13:29,926 [INFO] django.server: "GET /static/admin/css/login.css HTTP/1.1" 200 951
2025-10-19 16:13:49,045 [INFO] django.server: "POST /admin/login/?next=/admin/ HTTP/1.1" 302 0
2025-10-19 16:13:49,064 [INFO] django.server: "GET /admin/ HTTP/1.1" 200 8440
2025-10-19 16:13:49,090 [INFO] django.server: "GET /static/admin/css/dashboard.css HTTP/1.1" 304 0
2025-10-19 16:13:49,096 [INFO] django.server: "GET /static/admin/img/icon-changelink.svg HTTP/1.1" 304 0
2025-10-19 16:13:49,096 [INFO] django.server: "GET /static/admin/img/icon-addlink.svg HTTP/1.1" 304 0
2025-10-19 16:13:54,189 [INFO] django.server: "GET /admin/auth/group/ HTTP/1.1" 200 9591
2025-10-19 16:13:54,210 [INFO] django.server: "GET /static/admin/css/changelists.css HTTP/1.1" 304 0
2025-10-19 16:13:54,217 [INFO] django.server: "GET /static/admin/js/core.js HTTP/1.1" 304 0
2025-10-19 16:13:54,218 [INFO] django.server: "GET /static/admin/js/jquery.init.js HTTP/1.1" 304 0
2025-10-19 16:13:54,220 [INFO] django.server: "GET /static/admin/js/vendor/jquery/jquery.js HTTP/1.1" 304 0
2025-10-19 16:13:54,221 [INFO] django.server: "GET /static/admin/js/actions.js HTTP/1.1" 304 0
2025-10-19 16:13:54,221 [INFO] django.server: "GET /static/admin/js/admin/RelatedObjectLookups.js HTTP/1.1" 304 0
2025-10-19 16:13:54,221 [INFO] django.server: "GET /static/admin/js/urlify.js HTTP/1.1" 304 0
2025-10-19 16:13:54,223 [INFO] django.server: "GET /static/admin/js/prepopulate.js HTTP/1.1" 304 0
2025-10-19 16:13:54,223 [INFO] django.server: "GET /static/admin/js/vendor/xregexp/xregexp.js HTTP/1.1" 304 0
2025-10-19 16:13:54,226 [INFO] django.server: "GET /static/admin/img/search.svg HTTP/1.1" 304 0
2025-10-19 16:13:54,227 [INFO] django.server: "GET /admin/jsi18n/ HTTP/1.1" 200 8514
2025-10-19 16:13:54,231 [INFO] django.server: "GET /static/admin/js/filters.js HTTP/1.1" 304 0
2025-10-19 16:13:54,246 [INFO] django.server: "GET /static/admin/img/tooltag-add.svg HTTP/1.1" 304 0
2025-10-19 16:13:55,995 [INFO] django.server: "GET /admin/ HTTP/1.1" 200 8440
2025-10-19 16:13:56,801 [INFO] django.server: "GET /admin/auth/user/ HTTP/1.1" 200 14682
2025-10-19 16:13:56,826 [INFO] django.server: "GET /static/admin/img/icon-yes.svg HTTP/1.1" 304 0
2025-10-19 16:13:56,826 [INFO] django.server: "GET /static/admin/img/icon-no.svg HTTP/1.1" 304 0
2025-10-19 16:13:56,829 [INFO] django.server: "GET /admin/jsi18n/ HTTP/1.1" 200 8514
2025-10-19 16:13:56,847 [INFO] django.server: "GET /static/admin/img/sorting-icons.svg HTTP/1.1" 304 0
2025-10-19 16:13:56,848 [INFO] django.server: "GET /static/admin/img/icon-viewlink.svg HTTP/1.1" 304 0
2025-10-19 16:14:09,725 [INFO] django.server: "GET /admin/ HTTP/1.1" 200 8440
2025-10-19 16:14:11,306 [INFO] django.server: "GET /admin/core/log/ HTTP/1.1" 200 23636
2025-10-19 16:14:11,333 [INFO] django.server: "GET /admin/jsi18n/ HTTP/1.1" 200 8514
2025-10-19 16:14:27,994 [INFO] django.server: "GET /admin/core/memoryblock/ HTTP/1.1" 200 9284
2025-10-19 16:14:28,016 [INFO] django.server: "GET /admin/jsi18n/ HTTP/1.1" 200 8514
2025-10-19 16:14:29,512 [INFO] django.server: "GET /admin/core/process/ HTTP/1.1" 200 11574
2025-10-19 16:14:29,536 [INFO] django.server: "GET /admin/jsi18n/ HTTP/1.1" 200 8514
2025-10-19 16:14:38,650 [INFO] django.server: "GET /admin/core/log/ HTTP/1.1" 200 23636
2025-10-19 16:14:38,672 [INFO] django.server: "GET /admin/jsi18n/ HTTP/1.1" 200 8514
2025-10-19 16:14:49,234 [INFO] django.server: "GET /admin/auth/user/ HTTP/1.1" 200 14682
2025-10-19 16:14:49,261 [INFO] django.server: "GET /admin/jsi18n/ HTTP/1.1" 200 8514
2025-10-19 16:15:00,599 [INFO] django.server: "GET /cpu/ HTTP/1.1" 200 1916
2025-10-19 16:15:01,181 [INFO] django.server: "GET /memoria/ HTTP/1.1" 200 1797
2025-10-19 16:15:01,735 [INFO] django.server: "GET /cpu/ HTTP/1.1" 200 1916
2025-10-19 16:15:02,090 [INFO] django.server: "GET /memoria/ HTTP/1.1" 200 1797
2025-10-19 16:15:02,734 [INFO] django.server: "GET /cpu/ HTTP/1.1" 200 1916
2025-10-19 16:15:07,279 [INFO] core: Logout: Admin
2025-10-19 16:15:07,299 [INFO] django.server: "GET /logout/ HTTP/1.1" 302 0
2025-10-19 16:15:07,304 [INFO] django.server: "GET / HTTP/1.1" 200 889
2025-10-19 16:15:10,122 [INFO] django.server: "GET /login/ HTTP/1.1" 200 1316
2025-10-19 17:19:16,062 [INFO] django.utils.autoreload: Watching for file changes with StatReloader
2025-10-19 17:20:53,423 [INFO] django.utils.autoreload: Watching for file changes with StatReloader
2025-10-19 17:24:31,568 [INFO] django.utils.autoreload: Watching for file changes with StatReloader
2025-10-19 17:24:41,121 [INFO] django.server: "GET / HTTP/1.1" 200 889
2025-10-19 17:24:41,396 [WARNING] django.request: Not Found: /favicon.ico
2025-10-19 17:24:41,397 [WARNING] django.server: "GET /favicon.ico HTTP/1.1" 404 3988
2025-10-19 17:24:43,920 [INFO] django.server: "GET /login/ HTTP/1.1" 200 1316
2025-10-19 17:24:54,367 [INFO] core: Login realizado: Administrador
2025-10-19 17:24:54,403 [INFO] django.server: "POST /login/ HTTP/1.1" 302 0
2025-10-19 17:24:54,412 [INFO] django.server: "GET / HTTP/1.1" 200 875
2025-10-19 17:25:01,335 [INFO] django.server: "GET /admin/ HTTP/1.1" 200 8448
2025-10-19 17:25:01,367 [INFO] django.server: "GET /static/admin/css/base.css HTTP/1.1" 304 0
2025-10-19 17:25:01,368 [INFO] django.server: "GET /static/admin/css/dark_mode.css HTTP/1.1" 304 0
2025-10-19 17:25:01,370 [INFO] django.server: "GET /static/admin/css/nav_sidebar.css HTTP/1.1" 304 0
2025-10-19 17:25:01,371 [INFO] django.server: "GET /static/admin/css/responsive.css HTTP/1.1" 304 0
2025-10-19 17:25:01,371 [INFO] django.server: "GET /static/admin/css/dashboard.css HTTP/1.1" 304 0
2025-10-19 17:25:01,372 [INFO] django.server: "GET /static/admin/js/theme.js HTTP/1.1" 304 0
2025-10-19 17:25:01,376 [INFO] django.server: "GET /static/admin/js/nav_sidebar.js HTTP/1.1" 304 0
2025-10-19 17:25:01,383 [INFO] django.server: "GET /static/admin/img/icon-addlink.svg HTTP/1.1" 304 0
2025-10-19 17:25:01,383 [INFO] django.server: "GET /static/admin/img/icon-changelink.svg HTTP/1.1" 304 0
2025-10-19 17:25:03,993 [INFO] django.server: "GET /admin/auth/user/ HTTP/1.1" 200 15151
2025-10-19 17:25:04,019 [INFO] django.server: "GET /static/admin/css/changelists.css HTTP/1.1" 304 0
2025-10-19 17:25:04,022 [INFO] django.server: "GET /static/admin/js/jquery.init.js HTTP/1.1" 304 0
2025-10-19 17:25:04,022 [INFO] django.server: "GET /static/admin/js/vendor/jquery/jquery.js HTTP/1.1" 304 0
2025-10-19 17:25:04,022 [INFO] django.server: "GET /static/admin/js/core.js HTTP/1.1" 304 0
2025-10-19 17:25:04,025 [INFO] django.server: "GET /static/admin/js/actions.js HTTP/1.1" 304 0
2025-10-19 17:25:04,025 [INFO] django.server: "GET /static/admin/js/admin/RelatedObjectLookups.js HTTP/1.1" 304 0
2025-10-19 17:25:04,027 [INFO] django.server: "GET /static/admin/js/vendor/xregexp/xregexp.js HTTP/1.1" 304 0
2025-10-19 17:25:04,028 [INFO] django.server: "GET /static/admin/js/urlify.js HTTP/1.1" 304 0
2025-10-19 17:25:04,028 [INFO] django.server: "GET /static/admin/js/prepopulate.js HTTP/1.1" 304 0
2025-10-19 17:25:04,030 [INFO] django.server: "GET /static/admin/img/search.svg HTTP/1.1" 304 0
2025-10-19 17:25:04,030 [INFO] django.server: "GET /static/admin/img/icon-yes.svg HTTP/1.1" 304 0
2025-10-19 17:25:04,033 [INFO] django.server: "GET /static/admin/img/icon-no.svg HTTP/1.1" 304 0
2025-10-19 17:25:04,036 [INFO] django.server: "GET /static/admin/js/filters.js HTTP/1.1" 304 0
2025-10-19 17:25:04,073 [INFO] django.server: "GET /admin/jsi18n/ HTTP/1.1" 200 8514
2025-10-19 17:25:04,096 [INFO] django.server: "GET /static/admin/img/icon-viewlink.svg HTTP/1.1" 304 0
2025-10-19 17:25:04,096 [INFO] django.server: "GET /static/admin/img/tooltag-add.svg HTTP/1.1" 304 0
2025-10-19 17:25:04,097 [INFO] django.server: "GET /static/admin/img/sorting-icons.svg HTTP/1.1" 304 0
2025-10-19 17:25:10,401 [INFO] django.server: "GET / HTTP/1.1" 200 875
2025-10-19 17:25:12,765 [INFO] django.server: "GET /admin/auth/user/ HTTP/1.1" 200 15151
2025-10-19 17:25:16,820 [INFO] django.server: "GET /admin/auth/user/?_facets=True HTTP/1.1" 200 15703
2025-10-19 17:25:16,841 [INFO] django.server: "GET /admin/jsi18n/ HTTP/1.1" 200 8514
2025-10-19 17:25:16,927 [INFO] django.server: "GET /static/admin/img/icon-hidelink.svg HTTP/1.1" 200 784
2025-10-19 17:25:20,698 [INFO] django.server: "GET /admin/auth/user/?_facets=True&is_staff__exact=1 HTTP/1.1" 200 15330
2025-10-19 17:25:20,723 [INFO] django.server: "GET /admin/jsi18n/ HTTP/1.1" 200 8514
2025-10-19 17:25:22,147 [INFO] django.server: "GET /admin/auth/user/?_facets=True&is_staff__exact=0 HTTP/1.1" 200 14833
2025-10-19 17:25:22,171 [INFO] django.server: "GET /admin/jsi18n/ HTTP/1.1" 200 8514
2025-10-19 17:25:27,595 [INFO] django.server: "GET /admin/auth/user/?_facets=True HTTP/1.1" 200 15703
2025-10-19 17:25:27,620 [INFO] django.server: "GET /admin/jsi18n/ HTTP/1.1" 200 8514
2025-10-19 17:45:08,199 [INFO] django.utils.autoreload: Watching for file changes with StatReloader
2025-10-19 17:45:37,689 [INFO] django.utils.autoreload: Watching for file changes with StatReloader
2025-10-19 17:46:54,743 [INFO] django.utils.autoreload: Watching for file changes with StatReloader
2025-10-19 17:55:04,903 [INFO] django.utils.autoreload: Watching for file changes with StatReloader
2025-10-19 18:01:20,442 [INFO] django.utils.autoreload: Watching for file changes with StatReloader
2025-10-20 19:29:47,784 [INFO] django.utils.autoreload: Watching for file changes with StatReloader
2025-10-20 19:44:34,829 [INFO] django.utils.autoreload: C:\Users\Kayke Mendes\Documents\projetoa3\SimuladorDeSistema\simulador\settings.py changed, reloading.
2025-10-20 19:44:35,793 [INFO] django.utils.autoreload: Watching for file changes with StatReloader
2025-10-20 19:52:26,779 [INFO] django.utils.autoreload: C:\Users\Kayke Mendes\Documents\projetoa3\SimuladorDeSistema\core\models.py changed, reloading.
2025-10-20 19:52:27,710 [INFO] django.utils.autoreload: Watching for file changes with StatReloader
2025-10-20 19:57:05,403 [INFO] django.utils.autoreload: Watching for file changes with StatReloader
2025-10-20 20:05:58,229 [INFO] django.utils.autoreload: C:\Users\Kayke Mendes\Documents\projetoa3\SimuladorDeSistema\venv\Lib\site-packages\sqlparse\engine\statement_splitter.py changed, reloading.
2025-10-20 20:10:34,151 [INFO] django.utils.autoreload: Watching for file changes with StatReloader
2025-10-20 20:15:01,534 [INFO] django.utils.autoreload: Watching for file changes with StatReloader
2025-10-20 20:19:13,284 [INFO] django.utils.autoreload: Watching for file changes with StatReloader
2025-10-20 20:22:49,519 [INFO] django.server: "GET / HTTP/1.1" 200 889
2025-10-20 20:22:51,960 [INFO] django.server: "GET /login/ HTTP/1.1" 200 1316
2025-10-20 20:23:07,297 [WARNING] core: Tentativa de login falha: Admin
2025-10-20 20:23:07,321 [INFO] django.server: "POST /login/ HTTP/1.1" 200 1402
2025-10-20 20:23:25,173 [INFO] django.server: "GET / HTTP/1.1" 200 889
2025-10-20 20:23:26,348 [INFO] django.server: "GET /login/ HTTP/1.1" 200 1316
2025-10-20 20:23:34,327 [WARNING] core: Tentativa de login falha: Administrador
2025-10-20 20:23:34,356 [INFO] django.server: "POST /login/ HTTP/1.1" 200 1402
2025-10-20 20:26:18,399 [WARNING] core: Tentativa de login falha: Administrador
2025-10-20 20:26:18,416 [INFO] django.server: "POST /login/ HTTP/1.1" 200 1402
2025-10-20 20:26:25,262 [INFO] core: Login realizado: Dono
2025-10-20 20:26:25,296 [INFO] django.server: "POST /login/ HTTP/1.1" 302 0
2025-10-20 20:26:25,305 [INFO] django.server: "GET / HTTP/1.1" 200 866
2025-10-20 20:26:41,995 [INFO] django.server: "GET /admin/ HTTP/1.1" 200 8439
2025-10-20 20:26:42,228 [INFO] django.server: "GET /static/admin/css/dark_mode.css HTTP/1.1" 200 2808
2025-10-20 20:26:42,228 [INFO] django.server: "GET /static/admin/css/nav_sidebar.css HTTP/1.1" 200 2810
2025-10-20 20:26:42,230 [INFO] django.server: "GET /static/admin/css/dashboard.css HTTP/1.1" 200 441
2025-10-20 20:26:42,233 [INFO] django.server: "GET /static/admin/css/responsive.css HTTP/1.1" 200 16565
2025-10-20 20:26:42,234 [INFO] django.server: "GET /static/admin/css/base.css HTTP/1.1" 200 22120
2025-10-20 20:26:42,242 [INFO] django.server: "GET /static/admin/js/theme.js HTTP/1.1" 200 1653
2025-10-20 20:26:42,264 [INFO] django.server: "GET /static/admin/js/nav_sidebar.js HTTP/1.1" 200 3063
2025-10-20 20:26:42,265 [INFO] django.server: "GET /static/admin/img/icon-changelink.svg HTTP/1.1" 200 380
2025-10-20 20:26:42,266 [INFO] django.server: "GET /static/admin/img/icon-addlink.svg HTTP/1.1" 200 331
2025-10-20 20:28:47,273 [INFO] core: Logout: Dono
2025-10-20 20:28:47,290 [INFO] django.server: "GET /logout/ HTTP/1.1" 302 0
2025-10-20 20:28:47,295 [INFO] django.server: "GET / HTTP/1.1" 200 889
2025-10-20 20:28:48,408 [INFO] django.server: "GET /login/ HTTP/1.1" 200 1316
2025-10-20 20:28:50,121 [INFO] django.server: "GET /login/ HTTP/1.1" 200 1316
2025-10-20 20:29:03,094 [WARNING] core: Tentativa de login falha: Kayke
2025-10-20 20:29:03,115 [INFO] django.server: - Broken pipe from ('127.0.0.1', 50192)
2025-10-20 20:29:04,443 [WARNING] core: Tentativa de login falha: Kayke
2025-10-20 20:29:04,462 [INFO] django.server: "POST /login/ HTTP/1.1" 200 1402
2025-10-20 20:29:25,142 [INFO] core: Login realizado: Kayke
2025-10-20 20:29:25,177 [INFO] django.server: "POST /login/ HTTP/1.1" 302 0
2025-10-20 20:29:25,188 [INFO] django.server: "GET / HTTP/1.1" 200 867
2025-10-20 20:29:39,363 [INFO] django.server: "GET /admin HTTP/1.1" 301 0
2025-10-20 20:29:39,381 [INFO] django.server: "GET /admin/ HTTP/1.1" 200 8440
2025-10-20 20:29:39,422 [INFO] django.server: "GET /static/admin/js/theme.js HTTP/1.1" 304 0
2025-10-20 20:29:39,422 [INFO] django.server: "GET /static/admin/css/dark_mode.css HTTP/1.1" 304 0
2025-10-20 20:29:39,423 [INFO] django.server: "GET /static/admin/css/nav_sidebar.css HTTP/1.1" 304 0
2025-10-20 20:29:39,423 [INFO] django.server: "GET /static/admin/css/base.css HTTP/1.1" 304 0
2025-10-20 20:29:39,423 [INFO] django.server: "GET /static/admin/css/dashboard.css HTTP/1.1" 304 0
2025-10-20 20:29:39,425 [INFO] django.server: "GET /static/admin/css/responsive.css HTTP/1.1" 304 0
2025-10-20 20:29:39,429 [INFO] django.server: "GET /static/admin/js/nav_sidebar.js HTTP/1.1" 304 0
2025-10-20 20:29:39,436 [INFO] django.server: "GET /static/admin/img/icon-addlink.svg HTTP/1.1" 304 0
2025-10-20 20:29:39,436 [INFO] django.server: "GET /static/admin/img/icon-changelink.svg HTTP/1.1" 304 0
2025-10-20 20:29:43,148 [INFO] core: Logout: Kayke
2025-10-20 20:29:43,164 [INFO] django.server: "GET /logout/ HTTP/1.1" 302 0
2025-10-20 20:29:43,169 [INFO] django.server: "GET / HTTP/1.1" 200 889
2025-10-20 20:29:44,377 [INFO] django.server: "GET /login/ HTTP/1.1" 200 1316
2025-10-20 20:29:59,638 [INFO] django.server: "GET /login/ HTTP/1.1" 200 1316
2025-10-20 20:30:11,777 [INFO] django.server: "GET /admin/ HTTP/1.1" 302 0
2025-10-20 20:30:11,901 [INFO] django.server: "GET /admin/login/?next=/admin/ HTTP/1.1" 200 4209
2025-10-20 20:30:11,953 [INFO] django.server: "GET /static/admin/css/login.css HTTP/1.1" 200 951
2025-10-23 20:14:46,793 [INFO] django.utils.autoreload: Watching for file changes with StatReloader
2025-10-23 20:14:51,062 [INFO] django.server: "GET / HTTP/1.1" 200 889
2025-10-23 20:14:51,378 [WARNING] django.request: Not Found: /favicon.ico
2025-10-23 20:14:51,379 [WARNING] django.server: "GET /favicon.ico HTTP/1.1" 404 3988
2025-10-23 20:19:30,079 [INFO] django.utils.autoreload: C:\Users\Kayke Mendes\Documents\projetoa3\SimuladorDeSistema\core\urls.py changed, reloading.
2025-10-23 20:19:31,049 [INFO] django.utils.autoreload: Watching for file changes with StatReloader
2025-10-23 20:20:20,506 [INFO] django.utils.autoreload: C:\Users\Kayke Mendes\Documents\projetoa3\SimuladorDeSistema\core\views.py changed, reloading.
2025-10-23 20:20:21,378 [INFO] django.utils.autoreload: Watching for file changes with StatReloader
2025-10-23 20:21:04,536 [INFO] django.utils.autoreload: C:\Users\Kayke Mendes\Documents\projetoa3\SimuladorDeSistema\core\models.py changed, reloading.
2025-10-23 20:21:05,469 [INFO] django.utils.autoreload: Watching for file changes with StatReloader
2025-10-23 20:22:20,618 [INFO] django.utils.autoreload: C:\Users\Kayke Mendes\Documents\projetoa3\SimuladorDeSistema\core\forms.py changed, reloading.
2025-10-23 20:22:21,441 [INFO] django.utils.autoreload: Watching for file changes with StatReloader
2025-10-23 20:27:21,320 [INFO] django.utils.autoreload: C:\Users\Kayke Mendes\Documents\projetoa3\SimuladorDeSistema\core\admin.py changed, reloading.
2025-10-23 20:27:22,193 [INFO] django.utils.autoreload: Watching for file changes with StatReloader
2025-10-23 20:27:45,744 [INFO] django.utils.autoreload: C:\Users\Kayke Mendes\Documents\projetoa3\SimuladorDeSistema\core\admin.py changed, reloading.
2025-10-23 20:27:46,597 [INFO] django.utils.autoreload: Watching for file changes with StatReloader
2025-10-23 20:29:12,454 [INFO] django.utils.autoreload: C:\Users\Kayke Mendes\Documents\projetoa3\SimuladorDeSistema\core\views.py changed, reloading.
2025-10-23 20:29:13,303 [INFO] django.utils.autoreload: Watching for file changes with StatReloader
2025-10-23 20:30:16,074 [INFO] django.utils.autoreload: Watching for file changes with StatReloader
2025-10-23 20:30:20,804 [INFO] django.server: "GET / HTTP/1.1" 200 753
2025-10-23 20:30:23,859 [INFO] django.server: "GET /login/ HTTP/1.1" 200 1180
2025-10-23 20:30:37,916 [INFO] core: Login realizado: Kayke
2025-10-23 20:30:37,950 [INFO] django.server: "POST /login/ HTTP/1.1" 302 0
2025-10-23 20:30:37,960 [INFO] django.server: "GET / HTTP/1.1" 200 782
2025-10-23 20:30:39,453 [INFO] django.server: "GET /conversao/ HTTP/1.1" 200 1410
2025-10-23 20:30:40,992 [INFO] django.server: "GET / HTTP/1.1" 200 782
2025-10-23 22:38:49,389 [INFO] django.utils.autoreload: Watching for file changes with StatReloader
2025-10-23 22:41:03,785 [INFO] django.utils.autoreload: C:\Users\Kayke Mendes\Documents\projetoa3\SimuladorDeSistema\simulador\settings.py changed, reloading.
2025-10-23 22:41:07,057 [INFO] django.utils.autoreload: Watching for file changes with StatReloader
2025-10-23 22:41:40,032 [INFO] django.utils.autoreload: Watching for file changes with StatReloader
2025-10-23 22:41:44,111 [INFO] django.server: "GET / HTTP/1.1" 200 788
2025-10-23 22:41:44,466 [WARNING] django.request: Not Found: /favicon.ico
2025-10-23 22:41:44,467 [WARNING] django.server: "GET /favicon.ico HTTP/1.1" 404 3482
2025-10-23 22:41:46,833 [INFO] core: Logout: Kayke
2025-10-23 22:41:46,852 [INFO] django.server: "GET /logout/ HTTP/1.1" 302 0
2025-10-23 22:41:46,859 [INFO] django.server: "GET / HTTP/1.1" 200 759
2025-10-23 22:41:49,671 [INFO] django.server: "GET / HTTP/1.1" 200 759
2025-10-23 22:58:22,344 [INFO] django.server: "GET / HTTP/1.1" 200 759
2025-10-23 23:04:49,079 [INFO] django.utils.autoreload: Watching for file changes with StatReloader
2025-10-23 23:04:52,984 [INFO] django.server: "GET / HTTP/1.1" 200 823
2025-10-23 23:04:53,131 [WARNING] django.server: "GET /static/%20src/output.css HTTP/1.1" 404 1861
2025-10-23 23:06:55,316 [INFO] django.server: "GET / HTTP/1.1" 200 818
2025-10-23 23:06:55,427 [INFO] django.server: "GET /static/css/style.css HTTP/1.1" 200 22
2025-10-23 23:06:55,468 [WARNING] django.server: "GET /static/css/tailwindcss HTTP/1.1" 404 1859
